IQ-TREE multicore version 2.1.2 COVID-edition for Linux 64-bit built Oct 22 2020
Developed by Bui Quang Minh, James Barbetti, Nguyen Lam Tung,
Olga Chernomor, Heiko Schmidt, Dominik Schrempf, Michael Woodhams.

Host:    exp-1-17 (AVX2, FMA3, 251 GB RAM)
Command: iqtree2 -nt 12 -bb 1000 -bnni -st AA -s infile.txt --prefix output
Seed:    155469 (Using SPRNG - Scalable Parallel Random Number Generator)
Time:    Mon Jul 26 06:06:07 2021
Kernel:  AVX+FMA - 12 threads (12 CPU cores detected)

Reading alignment file infile.txt ... Fasta format detected
Alignment most likely contains protein sequences
Alignment has 77 sequences with 465 columns, 460 distinct patterns
441 parsimony-informative, 16 singleton sites, 8 constant sites
                                Gap/Ambiguity  Composition  p-value
   1  sp|P38199|HEK2_YEAST             30.97%    failed      0.92%
   2  tr|A0A0W0CSB5|A0A0W0CSB5_CANGB   37.63%    failed      1.61%
   3  CAG99590.1                       30.11%    failed      2.84%
   4  tr|Q6BNR7|Q6BNR7_DEBHA           28.82%    failed      3.88%
   5  tr|A0A2H1A341|A0A2H1A341_CANAR   32.47%    passed     65.61%
   6  SOP79513.1                       31.40%    passed     20.55%
   7  tr|A0A1E4TXI3|A0A1E4TXI3_PACTA   26.88%    passed     26.14%
   8  tr|A0A1E4TLY2|A0A1E4TLY2_9ASCO   26.02%    passed     15.28%
   9  tr|A0A1E3Q8G3|A0A1E3Q8G3_LIPST   29.68%    passed     40.84%
  10  sp|Q756R8|HEK2_ASHGO             37.20%    passed     26.47%
  11  tr|A0A1D8PQ55|A0A1D8PQ55_CANAL   24.52%    failed      0.14%
  12  tr|Q6CGM2|Q6CGM2_YARLI           24.52%    passed     18.68%
  13  tr|U9W326|U9W326_NEUCR           20.86%    passed     77.35%
  14  tr|A7ENQ9|A7ENQ9_SCLS1           20.65%    passed     46.55%
  15  tr|Q0U0F5|Q0U0F5_PHANO           24.95%    passed     59.27%
  16  tr|Q5B4I4|Q5B4I4_EMENI           23.01%    passed     70.67%
  17  tr|Q4WI80|Q4WI80_ASPFU           23.66%    passed     51.82%
  18  tr|J3KKB7|J3KKB7_COCIM           21.51%    passed     66.61%
  19  tr|C0NUH0|C0NUH0_AJECG           21.94%    passed     50.26%
  20  CRL17176.1                       21.72%    passed     84.62%
  21  tr|A0A2H3G6J4|A0A2H3G6J4_GIBZA   20.43%    passed     48.01%
  22  CAZ84241.1                       18.06%    passed     25.61%
  23  tr|A0A1Y2FDS9|A0A1Y2FDS9_PROLT   16.99%    passed     35.73%
  24  sp|O74919|RNC1_SCHPO             21.29%    passed     44.89%
  25  tr|B6K7V3|B6K7V3_SCHJY           23.44%    passed     71.56%
  26  ODQ50940.1                       27.53%    failed      0.97%
  27  tr|K5XJV1|K5XJV1_AGABU           27.74%    passed     86.71%
  28  tr|F8PI85|F8PI85_SERL3           28.39%    passed     20.23%
  29  tr|Q5KIG3|Q5KIG3_CRYNJ           23.44%    passed     26.44%
  30  tr|A0A0D1DWZ0|A0A0D1DWZ0_USTMA   13.33%    passed      5.63%
  31  tr|E3KWI0|E3KWI0_PUCGT           22.80%    passed     85.73%
  32  tr|A8QCC7|A8QCC7_MALGO           24.95%    passed      5.25%
  33  RIB07453.1                       16.13%    passed     78.91%
  34  tr|A0A2I1FVD9|A0A2I1FVD9_9GLOM   18.92%    passed     76.71%
  35  tr|S2J695|S2J695_MUCC1           18.92%    passed     11.94%
  36  tr|A0A068RUY8|A0A068RUY8_9FUNG   17.85%    passed      8.94%
  37  tr|A0A068SC23|A0A068SC23_9FUNG    7.53%    passed     10.58%
  38  tr|A0A167JEF7|A0A167JEF7_PHYB8   20.22%    passed     84.13%
  39  tr|A0A1Y2H299|A0A1Y2H299_9FUNG   21.08%    passed     78.66%
  40  tr|A0A1Y2H2P3|A0A1Y2H2P3_9FUNG   18.92%    failed      0.20%
  41  tr|A0A1Y2GXC2|A0A1Y2GXC2_9FUNG   21.72%    passed     98.42%
  42  tr|A0A197JLF3|A0A197JLF3_9FUNG   17.63%    failed      1.16%
  43  tr|A0A197KFB3|A0A197KFB3_9FUNG   20.43%    passed     95.85%
  44  tr|A0A197KJC7|A0A197KJC7_9FUNG   20.43%    passed     95.19%
  45  tr|A0A1Y1UN73|A0A1Y1UN73_9FUNG   21.94%    failed      0.04%
  46  tr|A0A0L0SNY3|A0A0L0SNY3_ALLM3   15.48%    failed      0.00%
  47  tr|A0A2G5B6M0|A0A2G5B6M0_COERN    8.82%    failed      0.00%
  48  tr|A0A2G5B6M6|A0A2G5B6M6_COERN   15.27%    failed      1.96%
  49  tr|A0A2G5BJ39|A0A2G5BJ39_COERN   23.87%    passed     32.77%
  50  tr|A0A137NW92|A0A137NW92_CONC2   25.16%    passed     13.48%
  51  tr|A0A137PIP4|A0A137PIP4_CONC2   19.35%    failed      0.79%
  52  tr|A0A137P3Z9|A0A137P3Z9_CONC2   14.84%    failed      0.18%
  53  tr|F4NTK9|F4NTK9_BATDJ           27.53%    passed     59.37%
  54  tr|A0A0L0HBL3|A0A0L0HBL3_SPIPD   19.57%    failed      2.43%
  55  tr|A0A0L0HFB8|A0A0L0HFB8_SPIPD   16.34%    failed      1.28%
  56  tr|A0A1Y2DPJ6|A0A1Y2DPJ6_9FUNG   21.72%    failed      0.05%
  57  tr|A0A1Y2BRY7|A0A1Y2BRY7_9FUNG    2.80%    failed      0.00%
  58  tr|A0A1Y2CQA4|A0A1Y2CQA4_9FUNG   23.23%    failed      0.00%
  59  tr|A0A1Y2BRH7|A0A1Y2BRH7_9FUNG   23.23%    failed      0.00%
  60  tr|A0A1Y2E2I6|A0A1Y2E2I6_9FUNG   22.58%    failed      0.71%
  61  tr|A0A1Y1VBS6|A0A1Y1VBS6_9FUNG   34.19%    failed      0.13%
  62  tr|A0A1Y1XRK9|A0A1Y1XRK9_9FUNG   24.09%    failed      0.00%
  63  tr|B4DUQ1|B4DUQ1_HUMAN           24.95%    failed      0.23%
  64  sp|P91277|HRPK1_CAEEL            25.81%    passed     22.94%
  65  tr|Q9V948|Q9V948_DROME           27.96%    passed     26.42%
  66  XP_030833057.1                   25.81%    failed      0.08%
  67  sp|P38151|PBP2_YEAST             21.08%    passed     15.17%
  68  tr|Q754T9|Q754T9_ASHGO           23.01%    passed      6.94%
  69  tr|Q5A8H8|Q5A8H8_CANAL           10.97%    failed      1.07%
  70  tr|Q7SCU3|Q7SCU3_NEUCR           16.99%    passed     17.64%
  71  tr|A7F9F2|A7F9F2_SCLS1           16.13%    passed     33.18%
  72  tr|Q0U7W7|Q0U7W7_PHANO           16.56%    failed      2.31%
  73  tr|C8VLW6|C8VLW6_EMENI           19.14%    passed     12.01%
  74  tr|Q4WHL8|Q4WHL8_ASPFU           20.00%    failed      0.42%
  75  tr|Q5KAW2|Q5KAW2_CRYNJ           30.97%    passed     15.80%
  76  tr|A0A0D1DP03|A0A0D1DP03_USTMA   20.22%    passed     58.78%
  77  tr|F4P806|F4P806_BATDJ           13.33%    failed      1.79%
****  TOTAL                            22.07%  29 sequences failed composition chi2 test (p-value<5%; df=19)


Create initial parsimony tree by phylogenetic likelihood library (PLL)... 0.020 seconds
Perform fast likelihood tree search using LG+I+G model...
Estimate model parameters (epsilon = 5.000)
Perform nearest neighbor interchange...
Estimate model parameters (epsilon = 1.000)
1. Initial log-likelihood: -40667.628
Optimal log-likelihood: -40667.200
Proportion of invariable sites: 0.010
Gamma shape alpha: 0.890
Parameters optimization took 1 rounds (0.065 sec)
Time for fast ML tree search: 0.496 seconds

NOTE: ModelFinder requires 58 MB RAM!
ModelFinder will test up to 546 protein models (sample size: 465) ...
 No. Model         -LnL         df  AIC          AICc         BIC
  1  LG            42874.605    151 86051.209    86197.867    86676.657
  2  LG+I          42719.142    152 85742.284    85891.361    86371.874
  3  LG+G4         40671.215    152 81646.430    81795.507    82276.019
  4  LG+I+G4       40666.975    153 81639.950    81791.474    82273.682
  5  LG+R2         41051.699    153 82409.398    82560.922    83043.130
  6  LG+R3         40768.326    155 81846.653    82003.158    82488.669
  7  LG+R4         40634.819    157 81583.639    81745.242    82233.939
  8  LG+R5         40603.425    159 81524.849    81691.669    82183.433
  9  LG+R6         40594.620    161 81511.239    81683.397    82178.107
 10  LG+R7         40594.606    163 81515.211    81692.832    82190.363
 21  LG+F+R5       40344.443    178 81044.885    81267.696    81782.168
 22  LG+F+R6       40324.021    180 81008.042    81237.478    81753.608
 34  WAG+R5        40750.952    159 81819.904    81986.724    82478.488
 35  WAG+R6        40741.408    161 81804.816    81976.974    82471.684
 47  WAG+F+R5      40548.245    178 81452.490    81675.301    82189.773
 48  WAG+F+R6      40534.668    180 81429.335    81658.772    82174.902
 60  JTT+R5        40743.729    159 81805.459    81972.278    82464.043
 61  JTT+R6        40734.514    161 81791.028    81963.187    82457.896
 73  JTT+F+R5      40653.737    178 81663.473    81886.284    82400.756
 74  JTT+F+R6      40634.668    180 81629.336    81858.772    82374.903
 86  JTTDCMut+R5   40752.580    159 81823.159    81989.979    82481.743
 87  JTTDCMut+R6   40743.127    161 81808.255    81980.413    82475.123
 99  JTTDCMut+F+R5 40655.063    178 81666.125    81888.936    82403.408
100  JTTDCMut+F+R6 40635.721    180 81631.442    81860.878    82377.009
112  DCMut+R5      40911.054    159 82140.108    82306.927    82798.692
113  DCMut+R6      40901.817    161 82125.634    82297.792    82792.502
125  DCMut+F+R5    40737.065    178 81830.131    82052.942    82567.413
126  DCMut+F+R6    40727.242    180 81814.484    82043.920    82560.051
138  VT+R5         40681.212    159 81680.424    81847.244    82339.008
139  VT+R6         40675.244    161 81672.489    81844.647    82339.357
151  VT+F+R5       40531.090    178 81418.181    81640.992    82155.463
152  VT+F+R6       40518.456    180 81396.912    81626.348    82142.478
164  PMB+R5        41054.849    159 82427.697    82594.517    83086.281
165  PMB+R6        41051.265    161 82424.530    82596.688    83091.398
177  PMB+F+R5      40708.923    178 81773.846    81996.657    82511.129
178  PMB+F+R6      40699.174    180 81758.348    81987.785    82503.915
190  Blosum62+R5   41140.118    159 82598.235    82765.055    83256.819
191  Blosum62+R6   41135.288    161 82592.575    82764.733    83259.443
203  Blosum62+F+R5 40740.522    178 81837.043    82059.855    82574.326
204  Blosum62+F+R6 40727.738    180 81815.476    82044.913    82561.043
216  Dayhoff+R5    40911.575    159 82141.150    82307.969    82799.734
217  Dayhoff+R6    40902.230    161 82126.460    82298.619    82793.328
229  Dayhoff+F+R5  40738.166    178 81832.331    82055.142    82569.614
230  Dayhoff+F+R6  40728.339    180 81816.677    82046.114    82562.244
242  mtREV+R5      42639.708    159 85597.416    85764.236    86256.000
243  mtREV+R6      42619.575    161 85561.150    85733.308    86228.018
255  mtREV+F+R5    41082.845    178 82521.689    82744.500    83258.972
256  mtREV+F+R6    41051.926    180 82463.853    82693.289    83209.419
268  mtART+R5      42902.717    159 86123.434    86290.253    86782.017
269  mtART+R6      42865.878    161 86053.756    86225.914    86720.624
281  mtART+F+R5    41199.253    178 82754.505    82977.316    83491.788
282  mtART+F+R6    41145.600    180 82651.199    82880.636    83396.766
294  mtZOA+R5      42103.301    159 84524.602    84691.422    85183.186
295  mtZOA+R6      42076.504    161 84475.007    84647.166    85141.875
307  mtZOA+F+R5    40941.384    178 82238.768    82461.579    82976.050
308  mtZOA+F+R6    40899.965    180 82159.930    82389.367    82905.497
320  mtMet+R5      42811.023    159 85940.046    86106.866    86598.630
321  mtMet+R6      42799.805    161 85921.610    86093.768    86588.478
333  mtMet+F+R5    41122.922    178 82601.845    82824.656    83339.127
334  mtMet+F+R6    41093.062    180 82546.123    82775.560    83291.690
346  mtVer+R5      42913.482    159 86144.965    86311.784    86803.549
347  mtVer+R6      42893.875    161 86109.751    86281.909    86776.619
359  mtVer+F+R5    41581.706    178 83519.412    83742.223    84256.695
360  mtVer+F+R6    41556.565    180 83473.130    83702.567    84218.697
372  mtInv+R5      43102.911    159 86523.821    86690.641    87182.405
373  mtInv+R6      43093.773    161 86509.547    86681.705    87176.415
385  mtInv+F+R5    40821.250    178 81998.499    82221.310    82735.782
386  mtInv+F+R6    40797.938    180 81955.875    82185.312    82701.442
398  mtMAM+R5      43459.365    159 87236.730    87403.550    87895.314
399  mtMAM+R6      43426.611    161 87175.222    87347.381    87842.090
411  mtMAM+F+R5    41764.116    178 83884.231    84107.043    84621.514
412  mtMAM+F+R6    41716.733    180 83793.467    84022.903    84539.033
424  HIVb+R5       41872.518    159 84063.036    84229.856    84721.620
425  HIVb+R6       41858.415    161 84038.830    84210.989    84705.699
437  HIVb+F+R5     41509.507    178 83375.013    83597.824    84112.296
438  HIVb+F+R6     41478.802    180 83317.603    83547.040    84063.170
450  HIVw+R5       43269.823    159 86857.646    87024.466    87516.230
451  HIVw+R6       43251.740    161 86825.480    86997.639    87492.348
463  HIVw+F+R5     42504.309    178 85364.617    85587.429    86101.900
464  HIVw+F+R6     42484.569    180 85329.137    85558.574    86074.704
476  FLU+R5        41319.924    159 82957.848    83124.668    83616.432
477  FLU+R6        41303.364    161 82928.729    83100.887    83595.597
489  FLU+F+R5      41189.614    178 82735.229    82958.040    83472.511
490  FLU+F+R6      41166.359    180 82692.719    82922.155    83438.286
502  rtREV+R5      40849.942    159 82017.885    82184.705    82676.469
503  rtREV+R6      40843.285    161 82008.570    82180.728    82675.438
515  rtREV+F+R5    40372.758    178 81101.516    81324.327    81838.799
516  rtREV+F+R6    40356.299    180 81072.598    81302.034    81818.164
528  cpREV+R5      41088.619    159 82495.238    82662.058    83153.822
529  cpREV+R6      41078.889    161 82479.779    82651.937    83146.647
541  cpREV+F+R5    40840.736    178 82037.472    82260.284    82774.755
542  cpREV+F+R6    40829.621    180 82019.242    82248.678    82764.808
Akaike Information Criterion:           LG+F+R6
Corrected Akaike Information Criterion: LG+F+R6
Bayesian Information Criterion:         LG+F+R6
Best-fit model: LG+F+R6 chosen according to BIC

All model information printed to output.model.gz
CPU time for ModelFinder: 1019.768 seconds (0h:16m:59s)
Wall-clock time for ModelFinder: 86.035 seconds (0h:1m:26s)
Generating 1000 samples for ultrafast bootstrap (seed: 155469)...

NOTE: 36 MB RAM (0 GB) is required!
Estimate model parameters (epsilon = 0.100)
1. Initial log-likelihood: -40324.021
Optimal log-likelihood: -40324.019
Site proportion and rates:  (0.083,0.034) (0.185,0.189) (0.174,0.389) (0.174,0.734) (0.274,1.544) (0.110,3.138)
Parameters optimization took 1 rounds (0.133 sec)
Computing ML distances based on estimated model parameters...
Computing ML distances took 0.104685 sec (of wall-clock time) 1.247363 sec(of CPU time)
WARNING: Some pairwise ML distances are too long (saturated)
Computing RapidNJ tree took 0.003174 sec (of wall-clock time) 0.006990 sec (of CPU time)
Log-likelihood of RapidNJ tree: -40425.510
--------------------------------------------------------------------
|             INITIALIZING CANDIDATE TREE SET                      |
--------------------------------------------------------------------
Generating 98 parsimony trees... 2.107 second
Computing log-likelihood of 98 initial trees ... 2.130 seconds
Current best score: -40324.019

Do NNI search on 20 best initial trees
Estimate model parameters (epsilon = 0.100)
BETTER TREE FOUND at iteration 1: -40322.747
Iteration 10 / LogL: -40326.021 / Time: 0h:0m:9s
Iteration 20 / LogL: -40336.082 / Time: 0h:0m:14s
Finish initializing candidate tree set (17)
Current best tree score: -40322.747 / CPU time: 13.644
Number of iterations: 20
--------------------------------------------------------------------
|               OPTIMIZING CANDIDATE TREE SET                      |
--------------------------------------------------------------------
Estimate model parameters (epsilon = 0.100)
BETTER TREE FOUND at iteration 22: -40321.426
Estimate model parameters (epsilon = 0.100)
BETTER TREE FOUND at iteration 26: -40320.464
Estimate model parameters (epsilon = 0.100)
BETTER TREE FOUND at iteration 30: -40319.492
Iteration 30 / LogL: -40319.492 / Time: 0h:0m:19s (0h:1m:8s left)
Estimate model parameters (epsilon = 0.100)
BETTER TREE FOUND at iteration 36: -40319.377
Iteration 40 / LogL: -40322.346 / Time: 0h:0m:24s (0h:1m:0s left)
Iteration 50 / LogL: -40321.826 / Time: 0h:0m:29s (0h:0m:51s left)
Iteration 60 / LogL: -40319.432 / Time: 0h:0m:33s (0h:0m:43s left)
Iteration 70 / LogL: -40319.440 / Time: 0h:0m:38s (0h:0m:36s left)
Iteration 80 / LogL: -40325.160 / Time: 0h:0m:42s (0h:0m:30s left)
Iteration 90 / LogL: -40330.270 / Time: 0h:0m:46s (0h:0m:24s left)
Iteration 100 / LogL: -40319.870 / Time: 0h:0m:51s (0h:0m:18s left)
Iteration 110 / LogL: -40320.011 / Time: 0h:0m:55s (0h:0m:13s left)
Iteration 120 / LogL: -40319.783 / Time: 0h:0m:59s (0h:0m:7s left)
Iteration 130 / LogL: -40320.327 / Time: 0h:1m:3s (0h:0m:2s left)
Refining ufboot trees with NNI 1 branch...
100 samples done
200 samples done
300 samples done
400 samples done
500 samples done
600 samples done
700 samples done
800 samples done
900 samples done
1000 samples done
Total 999 ufboot trees refined
TREE SEARCH COMPLETED AFTER 137 ITERATIONS / Time: 0h:2m:56s

--------------------------------------------------------------------
|                    FINALIZING TREE SEARCH                        |
--------------------------------------------------------------------
Performs final model parameters optimization
Estimate model parameters (epsilon = 0.010)
1. Initial log-likelihood: -40319.377
Optimal log-likelihood: -40319.373
Site proportion and rates:  (0.083,0.034) (0.182,0.186) (0.175,0.385) (0.177,0.728) (0.273,1.560) (0.110,3.090)
Parameters optimization took 1 rounds (0.237 sec)
BEST SCORE FOUND : -40319.373
Creating bootstrap support values...
Split supports printed to NEXUS file output.splits.nex
Total tree length: 77.412

Total number of iterations: 137
CPU time used for tree search: 2070.408 sec (0h:34m:30s)
Wall-clock time used for tree search: 175.859 sec (0h:2m:55s)
Total CPU time used: 2082.687 sec (0h:34m:42s)
Total wall-clock time used: 176.961 sec (0h:2m:56s)
UFBoot trees printed to output.ufboot

Computing bootstrap consensus tree...
Reading input file output.splits.nex...
77 taxa and 720 splits.
Consensus tree written to output.contree
Reading input trees file output.contree
Log-likelihood of consensus tree: -40319.808

Analysis results written to: 
  IQ-TREE report:                output.iqtree
  Maximum-likelihood tree:       output.treefile
  Likelihood distances:          output.mldist

Ultrafast bootstrap approximation results written to:
  Split support values:          output.splits.nex
  Consensus tree:                output.contree
  UFBoot trees:                  output.ufboot
  Screen log file:               output.log

Date and Time: Mon Jul 26 06:10:30 2021
